<?xml version="1.0" encoding="UTF-8"?>
<!-- Generated by org.testng.reporters.JUnitReportReporter -->
<testsuite hostname="C91001A1063069" failures="0" tests="1" name="testCases.TC001_AccountRegistrationTest" time="3.053" errors="0" timestamp="2024-11-04T22:06:14 EST" skipped="0">
  <testcase classname="testCases.TC001_AccountRegistrationTest" name="verify_account_registration" time="3.053"/>
</testsuite> <!-- testCases.TC001_AccountRegistrationTest -->
