<?xml version="1.0" encoding="UTF-8"?>
<!-- Generated by org.testng.reporters.JUnitReportReporter -->
<testsuite hostname="C91001A1063069" failures="0" tests="1" name="testCases.TC002_LoginTest" time="1.476" errors="0" timestamp="2024-11-05T11:08:41 EST" skipped="0">
  <testcase classname="testCases.TC002_LoginTest" name="verify_login" time="1.476"/>
</testsuite> <!-- testCases.TC002_LoginTest -->
