<?xml version="1.0" encoding="UTF-8"?>
<!-- Generated by org.testng.reporters.JUnitReportReporter -->
<testsuite hostname="C91001A1063069" failures="0" tests="1" name="testCases.TC001_AccountRegistrationTest" time="2.096" errors="0" timestamp="2024-11-05T11:08:41 EST" skipped="0">
  <testcase classname="testCases.TC001_AccountRegistrationTest" name="verify_account_registration" time="2.096"/>
</testsuite> <!-- testCases.TC001_AccountRegistrationTest -->
